[07:29:26] [ServerMain/INFO]: Environment: authHost='https://authserver.mojang.com', accountsHost='https://api.mojang.com', sessionHost='https://sessionserver.mojang.com', servicesHost='https://api.minecraftservices.com', name='PROD'
[07:29:28] [ServerMain/INFO]: Loaded 7 recipes
[07:29:29] [Server thread/INFO]: Starting minecraft server version 1.20
[07:29:29] [Server thread/INFO]: Loading properties
[07:29:29] [Server thread/INFO]: This server is running Paper version git-Paper-17 (MC: 1.20) (Implementing API version 1.20-R0.1-SNAPSHOT) (Git: c287e92)
[07:29:30] [Server thread/INFO]: Using 4 threads for Netty based IO
[07:29:30] [Server thread/INFO]: Server Ping Player Sample Count: 12
[07:29:30] [Server thread/WARN]: [!] The timings profiler has been enabled but has been scheduled for removal from Paper in the future.
    We recommend installing the spark profiler as a replacement: https://spark.lucko.me/
    For more information please visit: https://github.com/PaperMC/Paper/issues/8948
[07:29:30] [Server thread/INFO]: [ChunkTaskScheduler] Chunk system is using 1 I/O threads, 1 worker threads, and gen parallelism of 1 threads
[07:29:30] [Server thread/INFO]: Default game type: SURVIVAL
[07:29:30] [Server thread/INFO]: Generating keypair
[07:29:30] [Server thread/INFO]: Starting Minecraft server on *:25565
[07:29:30] [Server thread/INFO]: Using epoll channel type
[07:29:31] [Server thread/INFO]: Paper: Using libdeflate (Linux x86_64) compression from Velocity.
[07:29:31] [Server thread/INFO]: Paper: Using OpenSSL 1.1.x (Linux x86_64) cipher from Velocity.
[07:29:32] [Server thread/INFO]: [floodgate] Loading server plugin floodgate v2.2.4-SNAPSHOT (b116-0e3163c)
[07:29:33] [Server thread/WARN]: [floodgate] en_ is not a supported Floodgate language.
[07:29:33] [Server thread/INFO]: [floodgate] Took 654ms to boot Floodgate
[07:29:33] [Server thread/INFO]: [ViaVersion] Loading server plugin ViaVersion v5.3.3-SNAPSHOT
[07:29:33] [Server thread/INFO]: [ViaVersion] ViaVersion 5.3.3-SNAPSHOT is now loaded. Registering protocol transformers and injecting...
[07:29:33] [Via-Mappingloader-0/INFO]: [ViaVersion] Loading block connection mappings ...
[07:29:34] [Via-Mappingloader-0/INFO]: [ViaVersion] Using FastUtil Long2ObjectOpenHashMap for block connections
[07:29:34] [Server thread/INFO]: [ViaBackwards] Loading translations...
[07:29:34] [Server thread/INFO]: [ViaBackwards] Registering protocols...
[07:29:35] [Server thread/INFO]: [Geyser-Spigot] Loading server plugin Geyser-Spigot v2.7.0-SNAPSHOT
[07:29:35] [Server thread/INFO]: [Geyser-Spigot] Loading extensions...
[07:29:36] [Server thread/INFO]: [Geyser-Spigot] Enabled extension MCXboxBroadcast
[07:29:36] [Server thread/INFO]: [Geyser-Spigot] Loaded 1 extension(s)
[07:29:36] [Server thread/INFO]: [ViaBackwards] Loading server plugin ViaBackwards v5.3.2
[07:29:36] [Server thread/INFO]: [TheBridge] Loading server plugin TheBridge v2.1.4
[07:29:36] [Server thread/INFO]: [GeyserUpdater] Loading server plugin GeyserUpdater v1.6.4
[07:29:36] [Server thread/INFO]: [VillageDefense] Loading server plugin VillageDefense v4.7.1
[07:29:36] [Server thread/INFO]: Server permissions file permissions.yml is empty, ignoring it
[07:29:36] [Server thread/INFO]: Preparing level "world"
[07:29:36] [Server thread/INFO]: Preparing start region for dimension minecraft:overworld
[07:29:37] [Server thread/INFO]: Time elapsed: 505 ms
[07:29:37] [Server thread/INFO]: Preparing start region for dimension minecraft:the_nether
[07:29:37] [Server thread/INFO]: Time elapsed: 91 ms
[07:29:37] [Server thread/INFO]: Preparing start region for dimension minecraft:the_end
[07:29:37] [Server thread/INFO]: Time elapsed: 128 ms
[07:29:37] [Server thread/INFO]: [floodgate] Enabling floodgate v2.2.4-SNAPSHOT (b116-0e3163c)
[07:29:39] [Server thread/INFO]: [ViaVersion] Enabling ViaVersion v5.3.3-SNAPSHOT
[07:29:39] [Server thread/INFO]: [ViaVersion] ViaVersion detected server version: 1.20-1.20.1 (763)
[07:29:40] [Server thread/INFO]: [Geyser-Spigot] Enabling Geyser-Spigot v2.7.0-SNAPSHOT
[07:29:41] [Server thread/INFO]: [ViaBackwards] Enabling ViaBackwards v5.3.2
[07:29:41] [Server thread/INFO]: [TheBridge] Enabling TheBridge v2.1.4
[07:29:41] [Server thread/INFO]: [TheBridge] Connecting to services, please wait! Server may freeze a bit!
[07:29:41] [Server thread/INFO]: [TheBridge] Hooked with ServiceRegistry! Initialized services properly!
[07:29:42] [Server thread/WARN]: [TheBridge] [Debug] Fetched latest localization file from repository.
[07:29:42] [Server thread/INFO]: [TheBridge] Creating language.yml because it does not exist!
[07:29:42] [Server thread/WARN]: [TheBridge] [Debug] [System notify] The arenas  file is outdated! Updating...
[07:29:42] [Server thread/WARN]: [TheBridge] [Debug] [System notify] arenas updated, no comments were removed :)
[07:29:42] [Server thread/WARN]: [TheBridge] [Debug] [System notify] You're using latest arenas file now! Nice!
[07:29:42] [Server thread/INFO]: [TheBridge] File powerups.yml does not exist!
[07:29:42] [Server thread/WARN]: [TheBridge] [Debug] §aLoaded locale Default (Default ID: default) by Internal Plugin
[07:29:43] [Server thread/INFO]: [TheBridge] -_-_-_--_-_-_--_-_-_--_-_-_--_-_-_--_-_-_--_-_-_--_-_-_--_-_-_--_-_-_--_-_-_--_-_-_--_-_-_--_-_-_--_-_-_--_-_-_-
[07:29:43] [Server thread/INFO]: [TheBridge] 
[07:29:43] [Server thread/INFO]: [TheBridge] Versions: 
[07:29:43] [Server thread/INFO]: [TheBridge] Plugin: 2.1.4 | Server: git-Paper-17 (MC: 1.20) | Detected: v1_20 | Software: Paper | Java: 21.0.6
[07:29:43] [Server thread/INFO]: [TheBridge] 
[07:29:43] [Server thread/INFO]: [TheBridge] This plugin was created by Plugily Projects as part of an open source project ( https://donate.plugily.xyz )
[07:29:43] [Server thread/INFO]: [TheBridge] 
[07:29:43] [Server thread/INFO]: [TheBridge][SUPPORT] If you have any problems, you can always contact us on our Discord server! ( https://discord.plugily.xyz )
[07:29:43] [Server thread/INFO]: [TheBridge][SUPPORT] You can also check out our wiki at https://wiki.plugily.xyz
[07:29:43] [Server thread/INFO]: [TheBridge] 
[07:29:43] [Server thread/INFO]: [TheBridge]                               The plugin got fully enabled! Enjoy the plugin ;)
[07:29:43] [Server thread/INFO]: [TheBridge] -_-_-_--_-_-_--_-_-_--_-_-_--_-_-_--_-_-_--_-_-_--_-_-_--_-_-_--_-_-_--_-_-_--_-_-_--_-_-_--_-_-_--_-_-_--_-_-_-
[07:29:44] [Server thread/INFO]: Preparing start region for dimension minecraft:tb-fortress
[07:29:45] [Server thread/INFO]: Time elapsed: 944 ms
[07:29:45] [Server thread/INFO]: Arena Fortress instance successfully started!
[07:29:46] [Server thread/WARN]: [TheBridge] [Debug] Block at location TB-Fortress,61,171,-37,0.0,0.0 for arena TB-Fortress added as sign!
[07:29:47] [Server thread/WARN]: [TheBridge] [Debug] Block at location TB-Fortress,61,171,-37,0.0,0.0 for arena TB-Fortress added as sign!
[07:29:47] [Server thread/INFO]: [GeyserUpdater] Enabling GeyserUpdater v1.6.4
[07:29:47] [Server thread/INFO]: [VillageDefense] Enabling VillageDefense v4.7.1
[07:29:47] [Server thread/INFO]: [VillageDefense] Connecting to services, please wait! Server may freeze a bit!
[07:29:48] [Server thread/INFO]: [VillageDefense] Hooked with ServiceRegistry! Initialized services properly!
[07:29:48] [Server thread/WARN]: [VillageDefense] [Debug] Fetched latest localization file from repository.
[07:29:48] [Server thread/WARN]: [VillageDefense] [Debug] §aLoaded locale Default (Default ID: default) by Internal Plugin
[07:29:49] [Server thread/WARN]: [VillageDefense] [Debug] Rewards section game-start not found. Registering as normal reward
[07:29:49] [Server thread/WARN]: [VillageDefense] [Debug] Rewards section game-end not found. Registering as normal reward
[07:29:49] [Server thread/INFO]: [VillageDefense] -_-_-_--_-_-_--_-_-_--_-_-_--_-_-_--_-_-_--_-_-_--_-_-_--_-_-_--_-_-_--_-_-_--_-_-_--_-_-_--_-_-_--_-_-_--_-_-_-
[07:29:49] [Server thread/INFO]: [VillageDefense] 
[07:29:49] [Server thread/INFO]: [VillageDefense] Versions: 
[07:29:49] [Server thread/INFO]: [VillageDefense] Plugin: 4.7.1 | Server: git-Paper-17 (MC: 1.20) | Detected: v1_20_R1 | Software: Paper | Java: 21.0.6
[07:29:49] [Server thread/INFO]: [VillageDefense] 
[07:29:49] [Server thread/INFO]: [VillageDefense] This plugin was created by Plugily Projects as part of an open source project ( https://donate.plugily.xyz )
[07:29:49] [Server thread/INFO]: [VillageDefense] 
[07:29:49] [Server thread/INFO]: [VillageDefense][SUPPORT] If you have any problems, you can always contact us on our Discord server! ( https://discord.plugily.xyz )
[07:29:49] [Server thread/INFO]: [VillageDefense][SUPPORT] You can also check out our wiki at https://wiki.plugily.xyz
[07:29:49] [Server thread/INFO]: [VillageDefense] 
[07:29:49] [Server thread/INFO]: [VillageDefense]                               The plugin got fully enabled! Enjoy the plugin ;)
[07:29:49] [Server thread/INFO]: [VillageDefense] -_-_-_--_-_-_--_-_-_--_-_-_--_-_-_--_-_-_--_-_-_--_-_-_--_-_-_--_-_-_--_-_-_--_-_-_--_-_-_--_-_-_--_-_-_--_-_-_-
[07:29:49] [Server thread/WARN]: [VillageDefense] [Debug] Rewards section game-start not found. Registering as normal reward
[07:29:49] [Server thread/WARN]: [VillageDefense] [Debug] Rewards section game-end not found. Registering as normal reward
[07:29:49] [Server thread/WARN]: [VillageDefense] [Debug] Rewards section start-wave not found. Registering as normal reward
[07:29:49] [Server thread/WARN]: [VillageDefense] [Debug] Rewards section game-end not found. Registering as normal reward
[07:29:49] [Server thread/WARN]: [VillageDefense] [Debug] Rewards section game-start not found. Registering as normal reward
[07:29:49] [Server thread/WARN]: [VillageDefense] [Debug] Rewards section end-wave found. Registering as number reward
[07:29:49] [Server thread/WARN]: [VillageDefense] [Debug] Rewards section start-wave not found. Registering as normal reward
[07:29:49] [Server thread/WARN]: [VillageDefense] [Debug] Rewards section zombie-kill not found. Registering as normal reward
[07:29:49] [Server thread/WARN]: [VillageDefense] [Debug] Rewards section game-end not found. Registering as normal reward
[07:29:49] [Server thread/WARN]: [VillageDefense] [Debug] Rewards section game-start not found. Registering as normal reward
[07:29:49] [Server thread/WARN]: [VillageDefense] [Debug] Rewards section end-wave found. Registering as number reward
[07:29:49] [Server thread/WARN]: [VillageDefense] [Debug] Rewards section start-wave not found. Registering as normal reward
[07:29:49] [Server thread/WARN]: [VillageDefense] [Debug] Rewards section zombie-kill not found. Registering as normal reward
[07:29:49] [Server thread/WARN]: [VillageDefense] [Debug] Rewards section game-end not found. Registering as normal reward
[07:29:49] [Server thread/WARN]: [VillageDefense] [Debug] Rewards section game-start not found. Registering as normal reward
[07:29:49] [Server thread/WARN]: [VillageDefense] [Debug] Rewards section end-wave found. Registering as number reward
[07:29:49] [Server thread/WARN]: [VillageDefense] [Debug] Rewards section start-wave not found. Registering as normal reward
[07:29:49] [Server thread/WARN]: [VillageDefense] [Debug] Rewards section villager-death not found. Registering as normal reward
[07:29:49] [Server thread/WARN]: [VillageDefense] [Debug] Rewards section zombie-kill not found. Registering as normal reward
[07:29:49] [Server thread/WARN]: [VillageDefense] [Debug] Rewards section player-death not found. Registering as normal reward
[07:29:49] [Server thread/WARN]: [VillageDefense] [Debug] Rewards section villager-death not found. Registering as normal reward
[07:29:49] [Server thread/WARN]: [VillageDefense] [Debug] Rewards section game-end not found. Registering as normal reward
[07:29:49] [Server thread/WARN]: [VillageDefense] [Debug] Rewards section game-start not found. Registering as normal reward
[07:29:49] [Server thread/WARN]: [VillageDefense] [Debug] Rewards section end-wave found. Registering as number reward
[07:29:49] [Server thread/WARN]: [VillageDefense] [Debug] Rewards section start-wave not found. Registering as normal reward
[07:29:49] [Server thread/INFO]: Preparing start region for dimension minecraft:vd-quarry
[07:29:50] [Server thread/INFO]: Time elapsed: 988 ms
[07:29:51] [Server thread/WARN]: [VillageDefense] [Debug] No price set for shop item in arena VD-Quarry skipping item!
[07:29:51] [Server thread/WARN]: [VillageDefense] [Debug] No price set for shop item in arena VD-Quarry skipping item!
[07:29:51] [Server thread/WARN]: [VillageDefense] [Debug] No price set for shop item in arena VD-Quarry skipping item!
[07:29:51] [Server thread/WARN]: [VillageDefense] [Debug] No price set for shop item in arena VD-Quarry skipping item!
[07:29:51] [Server thread/WARN]: [VillageDefense] [Debug] No price set for shop item in arena VD-Quarry skipping item!
[07:29:51] [Server thread/WARN]: [VillageDefense] [Debug] No price set for shop item in arena VD-Quarry skipping item!
[07:29:51] [Server thread/WARN]: [VillageDefense] [Debug] No price set for shop item in arena VD-Quarry skipping item!
[07:29:51] [Server thread/WARN]: [VillageDefense] [Debug] No price set for shop item in arena VD-Quarry skipping item!
[07:29:51] [Server thread/WARN]: [VillageDefense] [Debug] No price set for shop item in arena VD-Quarry skipping item!
[07:29:51] [Server thread/WARN]: [VillageDefense] [Debug] No price set for shop item in arena VD-Quarry skipping item!
[07:29:51] [Server thread/WARN]: [VillageDefense] [Debug] No price set for shop item in arena VD-Quarry skipping item!
[07:29:51] [Server thread/WARN]: [VillageDefense] [Debug] No price set for shop item in arena VD-Quarry skipping item!
[07:29:51] [Server thread/WARN]: [VillageDefense] [Debug] No price set for shop item in arena VD-Quarry skipping item!
[07:29:51] [Server thread/WARN]: [VillageDefense] [Debug] No price set for shop item in arena VD-Quarry skipping item!
[07:29:51] [Server thread/WARN]: [VillageDefense] [Debug] No price set for shop item in arena VD-Quarry skipping item!
[07:29:51] [Server thread/WARN]: [VillageDefense] [Debug] No price set for shop item in arena VD-Quarry skipping item!
[07:29:51] [Server thread/WARN]: [VillageDefense] [Debug] No price set for shop item in arena VD-Quarry skipping item!
[07:29:51] [Server thread/WARN]: [VillageDefense] [Debug] No price set for shop item in arena VD-Quarry skipping item!
[07:29:51] [Server thread/INFO]: Arena Quarry instance successfully started!
[07:29:51] [Server thread/WARN]: [VillageDefense] [Debug] Block at location VD-Quarry,-28,95,44,0.0,0.0 for arena VD-Quarry added as sign!
[07:29:51] [Server thread/WARN]: [VillageDefense] [Debug] Block at location VD-Quarry,-28,95,44,0.0,0.0 for arena VD-Quarry added as sign!
[07:29:52] [Server thread/INFO]: [Geyser-Spigot] ******************************************
[07:29:52] [Server thread/INFO]: [Geyser-Spigot] 
[07:29:52] [Server thread/INFO]: [Geyser-Spigot] Loading Geyser version 2.7.0-b821 (git-master-3c51e46)
[07:29:52] [Server thread/INFO]: [Geyser-Spigot] 
[07:29:52] [Server thread/INFO]: [Geyser-Spigot] ******************************************
[07:30:02] [epollEventLoopGroup-3-1/INFO]: [Geyser-Spigot] Started Geyser on UDP port 19132
[07:30:02] [Server thread/INFO]: [Geyser-Spigot] [mcxboxbroadcast] Starting MCXboxBroadcast Extension build 81 (git-master-567635c)
[07:30:05] [Server thread/INFO]: [Geyser-Spigot] Done (13.096s)! Run /geyser help for help!
[07:30:05] [MCXboxBroadcast Thread-1/INFO]: [Geyser-Spigot] [mcxboxbroadcast] [Primary Session] Starting SessionManager...
[07:30:05] [Server thread/INFO]: Running delayed init tasks
[07:30:05] [Craft Scheduler Thread - 5 - ViaVersion/INFO]: [ViaVersion] Finished mapping loading, shutting down loader executor.
[07:30:05] [Server thread/INFO]: Done (35.632s)! For help, type "help"
[07:30:05] [Server thread/INFO]: Timings Reset
[07:30:05] [Craft Scheduler Thread - 6 - GeyserUpdater/INFO]: [GeyserUpdater] You are using the latest version of GeyserUpdater!
[07:30:05] [Server thread/INFO]: [ViaVersion] You are running a development version of the plugin, please report any bugs to GitHub.
[07:30:07] [MCXboxBroadcast Thread-1/INFO]: [Geyser-Spigot] [mcxboxbroadcast] [Primary Session] Successfully authenticated as umaiyoserver (2535456605915541)
[07:30:08] [MCXboxBroadcast Thread-1/INFO]: [Geyser-Spigot] [mcxboxbroadcast] [Primary Session] Creating Xbox LIVE session...
[07:30:13] [MCXboxBroadcast Thread-1/INFO]: [Geyser-Spigot] [mcxboxbroadcast] [Primary Session] Creation of Xbox LIVE session was successful!
[07:34:12] [User Authenticator #0/INFO]: UUID of player bananaumaiyo is fae0988f-bacf-4b8e-aa9d-28226778b36b
[07:34:15] [Server thread/INFO]: bananaumaiyo joined the game
[07:34:15] [Server thread/INFO]: bananaumaiyo[/127.248.81.7:39649] logged in with entity id 378 at ([VD-Quarry]-26.255389807372286, 94.0, 43.629985376206506)
[07:34:22] [Server thread/INFO]: bananaumaiyo issued server command: /tb arenas
[07:34:23] [Server thread/INFO]: [TheBridge] Saved inventory of bananaumaiyo
[07:34:44] [epollEventLoopGroup-4-1/INFO]: [Geyser-Spigot] Player connected with username bananaumaiyo
[07:34:44] [localSession-7-2/INFO]: [Geyser-Spigot] bananaumaiyo (logged in as: bananaumaiyo) has connected to the Java server
[07:34:45] [Geyser Spigot connection thread-6-3/INFO]: UUID of player .bananaumaiyo is 00000000-0000-0000-0009-01fb7b241f85
[07:34:45] [Server thread/INFO]: [floodgate] Floodgate player logged in as .bananaumaiyo joined (UUID: 00000000-0000-0000-0009-01fb7b241f85)
[07:34:45] [Server thread/INFO]: .bananaumaiyo joined the game
[07:34:45] [Server thread/INFO]: .bananaumaiyo[/127.0.0.1:0] logged in with entity id 381 at ([VD-Quarry]-25.67, 94.0, 44.45)
[07:34:55] [Server thread/INFO]: .bananaumaiyo issued server command: /tb arenas
[07:34:57] [Server thread/INFO]: [TheBridge] Saved inventory of .bananaumaiyo
[07:37:18] [Server thread/INFO]: .bananaumaiyo has made the advancement [Take Aim]
[07:37:28] [Server thread/WARN]: .bananaumaiyo moved too quickly! 1.6443500000000029,5.3234899999999925,-99.257256
[07:37:28] [Server thread/WARN]: .bananaumaiyo moved too quickly! 1.6443500000000029,5.3234899999999925,-99.257256
[07:37:28] [Server thread/WARN]: .bananaumaiyo moved too quickly! 1.6443500000000029,5.3234899999999925,-99.257256
[07:37:28] [Server thread/WARN]: .bananaumaiyo moved too quickly! 1.6443500000000029,5.3234899999999925,-99.257256
[07:37:28] [Server thread/WARN]: .bananaumaiyo moved too quickly! 1.6443500000000029,5.3234899999999925,-99.257256
[07:37:28] [Server thread/WARN]: .bananaumaiyo moved too quickly! 1.6443500000000029,5.3234899999999925,-99.257256
[07:37:50] [Server thread/WARN]: .bananaumaiyo moved too quickly! -1.4007599999999911,5.3234899999999925,-100.279036
[07:37:50] [Server thread/WARN]: .bananaumaiyo moved too quickly! -1.4007599999999911,5.3234899999999925,-100.279036
[07:37:50] [Server thread/WARN]: .bananaumaiyo moved too quickly! -1.4007599999999911,5.3234899999999925,-100.279036
[07:37:50] [Server thread/WARN]: .bananaumaiyo moved too quickly! -1.4007599999999911,5.3234899999999925,-100.279036
[07:37:50] [Server thread/WARN]: .bananaumaiyo moved too quickly! -1.4007599999999911,5.3234899999999925,-100.279036
[07:37:50] [Server thread/WARN]: .bananaumaiyo moved too quickly! -1.4007599999999911,5.3234899999999925,-100.279036
[07:37:50] [Server thread/WARN]: .bananaumaiyo moved too quickly! -1.4007599999999911,5.3234899999999925,-100.279036
[07:37:50] [Server thread/WARN]: .bananaumaiyo moved too quickly! -1.4007599999999911,5.3234899999999925,-100.279036
[07:38:06] [Server thread/INFO]: [TheBridge] Loaded inventory of bananaumaiyo
[07:38:06] [Server thread/INFO]: [TheBridge] Loaded inventory of .bananaumaiyo
[07:38:06] [Server thread/WARN]: .bananaumaiyo moved too quickly! -114.64211999999999,-4.0,46.75001
[07:38:06] [Server thread/WARN]: .bananaumaiyo moved too quickly! -114.64211999999999,-4.0,46.75001
[07:38:06] [Server thread/WARN]: .bananaumaiyo moved too quickly! -114.64211999999999,-4.0,46.75001
[07:38:06] [Server thread/WARN]: .bananaumaiyo moved too quickly! -114.64211999999999,-4.0,46.75001
[07:38:06] [Server thread/WARN]: .bananaumaiyo moved too quickly! -114.64211999999999,-4.0,46.75001
[07:38:06] [Server thread/WARN]: .bananaumaiyo moved too quickly! -114.64211999999999,-4.0,46.75001
[07:38:30] [Server thread/INFO]: bananaumaiyo issued server command: /gamemode creative
[07:38:30] [Server thread/INFO]: [bananaumaiyo: Set own game mode to Creative Mode]
[07:38:37] [Server thread/INFO]: Stopping the server
[07:38:37] [Server thread/INFO]: Stopping server
[07:38:37] [Server thread/INFO]: [VillageDefense] Disabling VillageDefense v4.7.1
[07:38:37] [Server thread/INFO]: [GeyserUpdater] Disabling GeyserUpdater v1.6.4
[07:38:37] [Server thread/INFO]: [TheBridge] Disabling TheBridge v2.1.4
[07:38:37] [Server thread/INFO]: [ViaBackwards] Disabling ViaBackwards v5.3.2
[07:38:37] [Server thread/INFO]: [Geyser-Spigot] Disabling Geyser-Spigot v2.7.0-SNAPSHOT
[07:38:37] [Server thread/INFO]: [Geyser-Spigot] Shutting down Geyser.
[07:38:37] [Server thread/INFO]: [Geyser-Spigot] Kicking 1 player(s)
[07:38:37] [Server thread/INFO]: [Geyser-Spigot] bananaumaiyo has disconnected from the Java server because of Geyser Proxy をシャットダウンしています。
[07:38:37] [Geyser Spigot connection thread-6-3/INFO]: [floodgate] Floodgate player logged in as .bananaumaiyo disconnected
[07:38:37] [Server thread/INFO]: [Geyser-Spigot] Kicked all players!
[07:38:37] [Server thread/INFO]: [Geyser-Spigot] Disabled extension MCXboxBroadcast
[07:38:37] [Server thread/INFO]: [Geyser-Spigot] Geyser shutdown successfully.
[07:38:37] [Server thread/INFO]: [ViaVersion] Disabling ViaVersion v5.3.3-SNAPSHOT
[07:38:37] [Server thread/INFO]: [ViaVersion] ViaVersion has been disabled; uninjected the platform and shut down the scheduler.
[07:38:37] [Server thread/INFO]: [floodgate] Disabling floodgate v2.2.4-SNAPSHOT (b116-0e3163c)
[07:38:37] [Server thread/INFO]: Saving players
[07:38:37] [WebSocketConnectReadThread-121/INFO]: [Geyser-Spigot] [mcxboxbroadcast] [Primary Session] RTC Websocket disconnected:  (1000)
[07:38:37] [Server thread/INFO]: bananaumaiyo lost connection: Server closed
[07:38:37] [Server thread/INFO]: bananaumaiyo left the game
[07:38:37] [Server thread/INFO]: .bananaumaiyo lost connection: Server closed
[07:38:37] [Server thread/INFO]: .bananaumaiyo left the game
[07:38:37] [Server thread/INFO]: Saving worlds
[07:38:37] [Server thread/INFO]: Saving chunks for level 'ServerLevel[world]'/minecraft:overworld
[07:38:37] [Server thread/INFO]: [ChunkHolderManager] Waiting 60s for chunk system to halt for world 'world'
[07:38:37] [Server thread/INFO]: [ChunkHolderManager] Halted chunk system for world 'world'
[07:38:37] [Server thread/INFO]: [ChunkHolderManager] Saving all chunkholders for world 'world'
[07:38:37] [WebSocketConnectReadThread-83/INFO]: [Geyser-Spigot] The skin uploader has been closed
[07:38:37] [Server thread/INFO]: [ChunkHolderManager] Saved 2 block chunks, 90 entity chunks, 0 poi chunks in world 'world' in 0.06s
[07:38:37] [Server thread/INFO]: ThreadedAnvilChunkStorage (world): All chunks are saved
[07:38:37] [Server thread/INFO]: Saving chunks for level 'ServerLevel[world_nether]'/minecraft:the_nether
[07:38:37] [Server thread/INFO]: [ChunkHolderManager] Waiting 60s for chunk system to halt for world 'world_nether'
[07:38:37] [Server thread/INFO]: [ChunkHolderManager] Halted chunk system for world 'world_nether'
[07:38:37] [Server thread/INFO]: [ChunkHolderManager] Saving all chunkholders for world 'world_nether'
[07:38:37] [Server thread/INFO]: [ChunkHolderManager] Saved 0 block chunks, 40 entity chunks, 0 poi chunks in world 'world_nether' in 0.03s
[07:38:37] [Server thread/INFO]: ThreadedAnvilChunkStorage (DIM-1): All chunks are saved
[07:38:37] [Server thread/INFO]: Saving chunks for level 'ServerLevel[world_the_end]'/minecraft:the_end
[07:38:37] [Server thread/INFO]: [ChunkHolderManager] Waiting 60s for chunk system to halt for world 'world_the_end'
[07:38:37] [Server thread/INFO]: [ChunkHolderManager] Halted chunk system for world 'world_the_end'
[07:38:37] [Server thread/INFO]: [ChunkHolderManager] Saving all chunkholders for world 'world_the_end'
[07:38:37] [Server thread/INFO]: [ChunkHolderManager] Saved 10 block chunks, 10 entity chunks, 0 poi chunks in world 'world_the_end' in 0.01s
[07:38:37] [Server thread/INFO]: ThreadedAnvilChunkStorage (DIM1): All chunks are saved
[07:38:37] [Server thread/INFO]: Saving chunks for level 'ServerLevel[TB-Fortress]'/minecraft:tb-fortress
[07:38:37] [Server thread/INFO]: [ChunkHolderManager] Waiting 60s for chunk system to halt for world 'TB-Fortress'
[07:38:37] [Server thread/INFO]: [ChunkHolderManager] Halted chunk system for world 'TB-Fortress'
[07:38:37] [Server thread/INFO]: [ChunkHolderManager] Saving all chunkholders for world 'TB-Fortress'
[07:38:38] [Server thread/INFO]: [ChunkHolderManager] Saved 549 block chunks, 540 entity chunks, 0 poi chunks in world 'TB-Fortress' in 0.50s
[07:38:38] [Server thread/INFO]: ThreadedAnvilChunkStorage (TB-Fortress): All chunks are saved
[07:38:38] [Server thread/INFO]: Saving chunks for level 'ServerLevel[VD-Quarry]'/minecraft:vd-quarry
[07:38:38] [Server thread/INFO]: [ChunkHolderManager] Waiting 60s for chunk system to halt for world 'VD-Quarry'
[07:38:38] [Server thread/INFO]: [ChunkHolderManager] Halted chunk system for world 'VD-Quarry'
[07:38:38] [Server thread/INFO]: [ChunkHolderManager] Saving all chunkholders for world 'VD-Quarry'
[07:38:38] [Server thread/INFO]: [ChunkHolderManager] Saved 199 block chunks, 193 entity chunks, 0 poi chunks in world 'VD-Quarry' in 0.34s
[07:38:38] [Server thread/INFO]: ThreadedAnvilChunkStorage (VD-Quarry): All chunks are saved
[07:38:38] [Server thread/INFO]: ThreadedAnvilChunkStorage: All dimensions are saved
[07:38:38] [Server thread/INFO]: Flushing Chunk IO
[07:38:38] [Server thread/INFO]: Closing Thread Pool
[07:38:38] [Server thread/INFO]: Closing Server
